Mono path[0] = '/home/cnvx/.local/share/Steam/steamapps/common/Helltaker/helltaker_Data/Managed'
Mono config path = '/home/cnvx/.local/share/Steam/steamapps/common/Helltaker/helltaker_Data/MonoBleedingEdge/etc'
Preloaded 'libsteam_api.so'
Preloaded 'ScreenSelector.so'
Display 0 '0': 1366x768 (primary device).
Display 1 'NS-39D310NA19 39"': 1360x768 (secondary device).
Unable to load player prefs
Desktop is 1366 x 768 @ 60 Hz
Initialize engine version: 2019.2.9f1 (ebce4d76e6e8)
[XR] Discovering subsystems at path /home/cnvx/.local/share/Steam/steamapps/common/Helltaker/helltaker_Data/UnitySubsystems
GfxDevice: creating device client; threaded=1
Renderer: Mesa Intel(R) HD Graphics 620 (KBL GT2)
Vendor:   Intel
Version:  4.6 (Core Profile) Mesa 20.1.2
GLES:     0
 GL_3DFX_texture_compression_FXT1 GL_AMD_conservative_depth GL_AMD_depth_clamp_separate GL_AMD_draw_buffers_blend GL_AMD_gpu_shader_int64 GL_AMD_multi_draw_indirect GL_AMD_performance_monitor GL_AMD_pinned_memory GL_AMD_query_buffer_object GL_AMD_seamless_cubemap_per_texture GL_AMD_shader_stencil_export GL_AMD_shader_trinary_minmax GL_AMD_texture_texture4 GL_AMD_vertex_shader_layer GL_AMD_vertex_shader_viewport_index GL_ANGLE_texture_compression_dxt3 GL_ANGLE_texture_compression_dxt5 GL_ARB_ES2_compatibility GL_ARB_ES3_1_compatibility GL_ARB_ES3_2_compatibility GL_ARB_ES3_compatibility GL_ARB_arrays_of_arrays GL_ARB_base_instance GL_ARB_blend_func_extended GL_ARB_buffer_storage GL_ARB_clear_buffer_object GL_ARB_clear_texture GL_ARB_clip_control GL_ARB_compressed_texture_pixel_storage GL_ARB_compute_shader GL_ARB_conditional_render_inverted GL_ARB_conservative_depth GL_ARB_copy_buffer GL_ARB_copy_image GL_ARB_cull_distance GL_ARB_debug_output GL_ARB_depth_buffer_float GL_ARB_depth_clamp GL_ARB_derivative_cont
rol GL_ARB_direct_state_access GL_ARB_draw_buffers GL_ARB_draw_buffers_blend GL_ARB_draw_elements_base_vertex GL_ARB_draw_indirect GL_ARB_draw_instanced GL_ARB_enhanced_layouts GL_ARB_explicit_attrib_location GL_ARB_explicit_uniform_location GL_ARB_fragment_coord_conventions GL_ARB_fragment_layer_viewport GL_ARB_fragment_shader GL_ARB_fragment_shader_interlock GL_ARB_framebuffer_no_attachments GL_ARB_framebuffer_object GL_ARB_framebuffer_sRGB GL_ARB_get_program_binary GL_ARB_get_texture_sub_image GL_ARB_gl_spirv GL_ARB_gpu_shader5 GL_ARB_gpu_shader_fp64 GL_ARB_gpu_shader_int64 GL_ARB_half_float_pixel GL_ARB_half_float_vertex GL_ARB_indirect_parameters GL_ARB_instanced_arrays GL_ARB_internalformat_query GL_ARB_internalformat_query2 GL_ARB_invalidate_subdata GL_ARB_map_buffer_alignment GL_ARB_map_buffer_range GL_ARB_multi_bind GL_ARB_multi_draw_indirect GL_ARB_occlusion_query2 GL_ARB_parallel_shader_compile GL_ARB_pipeline_statistics_query GL_ARB_pixel_buffer_object GL_ARB_point_sprite GL_ARB_polygon_offset_cl
amp GL_ARB_post_depth_coverage GL_ARB_program_interface_query GL_ARB_provoking_vertex GL_ARB_query_buffer_object GL_ARB_robust_buffer_access_behavior GL_ARB_robustness GL_ARB_sample_shading GL_ARB_sampler_objects GL_ARB_seamless_cube_map GL_ARB_seamless_cubemap_per_texture GL_ARB_separate_shader_objects GL_ARB_shader_atomic_counter_ops GL_ARB_shader_atomic_counters GL_ARB_shader_ballot GL_ARB_shader_bit_encoding GL_ARB_shader_clock GL_ARB_shader_draw_parameters GL_ARB_shader_group_vote GL_ARB_shader_image_load_store GL_ARB_shader_image_size GL_ARB_shader_objects GL_ARB_shader_precision GL_ARB_shader_stencil_export GL_ARB_shader_storage_buffer_object GL_ARB_shader_subroutine GL_ARB_shader_texture_image_samples GL_ARB_shader_texture_lod GL_ARB_shader_viewport_layer_array GL_ARB_shading_language_420pack GL_ARB_shading_language_include GL_ARB_shading_language_packing GL_ARB_spirv_extensions GL_ARB_stencil_texturing GL_ARB_sync GL_ARB_tessellation_shader GL_ARB_texture_barrier GL_ARB_texture_buffer_object GL_ARB_
texture_buffer_object_rgb32 GL_ARB_texture_buffer_range GL_ARB_texture_compression_bptc GL_ARB_texture_compression_rgtc GL_ARB_texture_cube_map_array GL_ARB_texture_filter_anisotropic GL_ARB_texture_float GL_ARB_texture_gather GL_ARB_texture_mirror_clamp_to_edge GL_ARB_texture_multisample GL_ARB_texture_non_power_of_two GL_ARB_texture_query_levels GL_ARB_texture_query_lod GL_ARB_texture_rectangle GL_ARB_texture_rg GL_ARB_texture_rgb10_a2ui GL_ARB_texture_stencil8 GL_ARB_texture_storage GL_ARB_texture_storage_multisample GL_ARB_texture_swizzle GL_ARB_texture_view GL_ARB_timer_query GL_ARB_transform_feedback2 GL_ARB_transform_feedback3 GL_ARB_transform_feedback_instanced GL_ARB_transform_feedback_overflow_query GL_ARB_uniform_buffer_object GL_ARB_vertex_array_bgra GL_ARB_vertex_array_object GL_ARB_vertex_attrib_64bit GL_ARB_vertex_attrib_binding GL_ARB_vertex_buffer_object GL_ARB_vertex_shader GL_ARB_vertex_type_10f_11f_11f_rev GL_ARB_vertex_type_2_10_10_10_rev GL_ARB_viewport_array GL_ATI_blend_equation_separ
ate GL_ATI_texture_float GL_EXT_EGL_image_storage GL_EXT_EGL_sync GL_EXT_abgr GL_EXT_blend_equation_separate GL_EXT_demote_to_helper_invocation GL_EXT_draw_buffers2 GL_EXT_draw_instanced GL_EXT_framebuffer_blit GL_EXT_framebuffer_multisample GL_EXT_framebuffer_multisample_blit_scaled GL_EXT_framebuffer_object GL_EXT_framebuffer_sRGB GL_EXT_packed_depth_stencil GL_EXT_packed_float GL_EXT_pixel_buffer_object GL_EXT_polygon_offset_clamp GL_EXT_provoking_vertex GL_EXT_shader_framebuffer_fetch GL_EXT_shader_framebuffer_fetch_non_coherent GL_EXT_shader_integer_mix GL_EXT_shader_samples_identical GL_EXT_texture_array GL_EXT_texture_compression_dxt1 GL_EXT_texture_compression_rgtc GL_EXT_texture_compression_s3tc GL_EXT_texture_filter_anisotropic GL_EXT_texture_integer GL_EXT_texture_sRGB GL_EXT_texture_sRGB_R8 GL_EXT_texture_sRGB_decode GL_EXT_texture_shadow_lod GL_EXT_texture_shared_exponent GL_EXT_texture_snorm GL_EXT_texture_swizzle GL_EXT_timer_query GL_EXT_transform_feedback GL_EXT_vertex_array_bgra GL_EXT_vert
ex_attrib_64bit GL_IBM_multimode_draw_arrays GL_INTEL_blackhole_render GL_INTEL_conservative_rasterization GL_INTEL_performance_query GL_INTEL_shader_atomic_float_minmax GL_INTEL_shader_integer_functions2 GL_KHR_blend_equation_advanced GL_KHR_blend_equation_advanced_coherent GL_KHR_context_flush_control GL_KHR_debug GL_KHR_no_error GL_KHR_parallel_shader_compile GL_KHR_robust_buffer_access_behavior GL_KHR_robustness GL_KHR_texture_compression_astc_ldr GL_KHR_texture_compression_astc_sliced_3d GL_MESA_framebuffer_flip_y GL_MESA_pack_invert GL_MESA_shader_integer_functions GL_MESA_texture_signed_rgba GL_NV_compute_shader_derivatives GL_NV_conditional_render GL_NV_copy_image GL_NV_depth_clamp GL_NV_fragment_shader_interlock GL_NV_packed_depth_stencil GL_NV_texture_barrier GL_OES_EGL_image GL_S3_s3tc
OPENGL LOG: Creating OpenGL 4.6 graphics device ; Context level  <OpenGL 4.5> ; Context handle 66599344
Begin MonoManager ReloadAssembly
- Completed reload, in  0.063 seconds
Default vsync count 1
requesting resize 1366 x 768
resizing window to 1366 x 768
Desktop is 1366 x 768 @ 60 Hz
UnloadTime: 0.989852 ms
requesting resize 1366 x 768
resizing window to 1366 x 768
Desktop is 1366 x 768 @ 60 Hz
Unloading 5 Unused Serialized files (Serialized files now loaded: 0)
UnloadTime: 5.868735 ms

Unloading 56 unused Assets to reduce memory usage. Loaded Objects now: 1975.
Total: 1.383990 ms (FindLiveObjects: 0.299831 ms CreateObjectMapping: 0.097705 ms MarkObjects: 0.694989 ms  DeleteObjects: 0.290934 ms)

Unloading 4 Unused Serialized files (Serialized files now loaded: 0)
UnloadTime: 3.232974 ms

Unloading 2 unused Assets to reduce memory usage. Loaded Objects now: 1974.
Total: 2.988548 ms (FindLiveObjects: 0.806819 ms CreateObjectMapping: 0.239375 ms MarkObjects: 1.792644 ms  DeleteObjects: 0.148459 ms)

Unloading 4 Unused Serialized files (Serialized files now loaded: 0)
UnloadTime: 2.860571 ms

Unloading 1 unused Assets to reduce memory usage. Loaded Objects now: 1974.
Total: 2.623942 ms (FindLiveObjects: 0.670126 ms CreateObjectMapping: 0.148934 ms MarkObjects: 1.779779 ms  DeleteObjects: 0.023885 ms)

Unloading 4 Unused Serialized files (Serialized files now loaded: 0)
UnloadTime: 3.030627 ms

Unloading 1 unused Assets to reduce memory usage. Loaded Objects now: 1974.
Total: 3.111189 ms (FindLiveObjects: 0.813202 ms CreateObjectMapping: 0.176341 ms MarkObjects: 2.082166 ms  DeleteObjects: 0.037500 ms)

Unloading 4 Unused Serialized files (Serialized files now loaded: 0)
UnloadTime: 1.962653 ms

Unloading 1 unused Assets to reduce memory usage. Loaded Objects now: 1974.
Total: 1.039402 ms (FindLiveObjects: 0.317513 ms CreateObjectMapping: 0.061389 ms MarkObjects: 0.648560 ms  DeleteObjects: 0.011103 ms)

Unloading 4 Unused Serialized files (Serialized files now loaded: 0)
UnloadTime: 3.066307 ms

Unloading 1 unused Assets to reduce memory usage. Loaded Objects now: 1974.
Total: 3.164668 ms (FindLiveObjects: 0.818577 ms CreateObjectMapping: 0.168289 ms MarkObjects: 2.139221 ms  DeleteObjects: 0.036722 ms)

Unloading 5 Unused Serialized files (Serialized files now loaded: 0)
UnloadTime: 2.965078 ms

Unloading 11 unused Assets to reduce memory usage. Loaded Objects now: 2059.
Total: 3.066567 ms (FindLiveObjects: 0.629362 ms CreateObjectMapping: 0.215167 ms MarkObjects: 1.986333 ms  DeleteObjects: 0.234191 ms)

Unloading 5 Unused Serialized files (Serialized files now loaded: 0)
UnloadTime: 1.058253 ms

Unloading 1 unused Assets to reduce memory usage. Loaded Objects now: 2059.
Total: 1.378107 ms (FindLiveObjects: 0.348754 ms CreateObjectMapping: 0.068837 ms MarkObjects: 0.948450 ms  DeleteObjects: 0.011517 ms)

Unloading 5 Unused Serialized files (Serialized files now loaded: 0)
UnloadTime: 3.582585 ms

Unloading 1 unused Assets to reduce memory usage. Loaded Objects now: 2059.
Total: 3.087127 ms (FindLiveObjects: 0.967008 ms CreateObjectMapping: 0.226541 ms MarkObjects: 1.858749 ms  DeleteObjects: 0.033433 ms)

Unloading 5 Unused Serialized files (Serialized files now loaded: 0)
UnloadTime: 3.369895 ms

Unloading 1 unused Assets to reduce memory usage. Loaded Objects now: 2059.
Total: 2.679110 ms (FindLiveObjects: 0.698618 ms CreateObjectMapping: 0.160638 ms MarkObjects: 1.786801 ms  DeleteObjects: 0.031021 ms)

Unloading 6 Unused Serialized files (Serialized files now loaded: 0)
UnloadTime: 4.223076 ms

Unloading 51 unused Assets to reduce memory usage. Loaded Objects now: 2153.
Total: 4.007084 ms (FindLiveObjects: 0.990573 ms CreateObjectMapping: 0.190991 ms MarkObjects: 2.205420 ms  DeleteObjects: 0.617722 ms)

Unloading 6 Unused Serialized files (Serialized files now loaded: 0)
UnloadTime: 4.538564 ms

Unloading 1 unused Assets to reduce memory usage. Loaded Objects now: 2153.
Total: 3.479093 ms (FindLiveObjects: 0.849739 ms CreateObjectMapping: 0.148861 ms MarkObjects: 2.444403 ms  DeleteObjects: 0.033994 ms)

Unloading 6 Unused Serialized files (Serialized files now loaded: 0)
UnloadTime: 3.744510 ms

Unloading 1 unused Assets to reduce memory usage. Loaded Objects now: 2153.
Total: 3.162151 ms (FindLiveObjects: 0.825330 ms CreateObjectMapping: 0.189985 ms MarkObjects: 2.108589 ms  DeleteObjects: 0.036396 ms)

Unloading 7 Unused Serialized files (Serialized files now loaded: 0)
UnloadTime: 1.122504 ms

Unloading 181 unused Assets to reduce memory usage. Loaded Objects now: 1967.
Total: 1.535311 ms (FindLiveObjects: 0.310115 ms CreateObjectMapping: 0.062835 ms MarkObjects: 0.623837 ms  DeleteObjects: 0.537649 ms)

Unloading 7 Unused Serialized files (Serialized files now loaded: 0)
UnloadTime: 2.946597 ms

Unloading 1 unused Assets to reduce memory usage. Loaded Objects now: 1967.
Total: 2.724314 ms (FindLiveObjects: 0.702583 ms CreateObjectMapping: 0.153305 ms MarkObjects: 1.841312 ms  DeleteObjects: 0.025708 ms)

Unloading 7 Unused Serialized files (Serialized files now loaded: 0)
UnloadTime: 3.570454 ms

Unloading 1 unused Assets to reduce memory usage. Loaded Objects now: 1967.
Total: 3.324714 ms (FindLiveObjects: 0.764717 ms CreateObjectMapping: 0.157223 ms MarkObjects: 2.371252 ms  DeleteObjects: 0.029667 ms)

Unloading 7 Unused Serialized files (Serialized files now loaded: 0)
UnloadTime: 3.684043 ms

Unloading 1 unused Assets to reduce memory usage. Loaded Objects now: 1967.
Total: 3.300733 ms (FindLiveObjects: 0.752230 ms CreateObjectMapping: 0.156559 ms MarkObjects: 2.354101 ms  DeleteObjects: 0.035971 ms)

Unloading 7 Unused Serialized files (Serialized files now loaded: 0)
UnloadTime: 3.713879 ms

Unloading 1 unused Assets to reduce memory usage. Loaded Objects now: 1967.
Total: 2.998687 ms (FindLiveObjects: 0.714413 ms CreateObjectMapping: 0.161460 ms MarkObjects: 2.086127 ms  DeleteObjects: 0.035088 ms)

Unloading 8 Unused Serialized files (Serialized files now loaded: 0)
UnloadTime: 0.958565 ms

Unloading 44 unused Assets to reduce memory usage. Loaded Objects now: 2111.
Total: 1.352227 ms (FindLiveObjects: 0.292333 ms CreateObjectMapping: 0.064910 ms MarkObjects: 0.780325 ms  DeleteObjects: 0.213540 ms)

Unloading 8 Unused Serialized files (Serialized files now loaded: 0)
UnloadTime: 1.006573 ms

Unloading 1 unused Assets to reduce memory usage. Loaded Objects now: 2111.
Total: 1.148434 ms (FindLiveObjects: 0.442644 ms CreateObjectMapping: 0.077493 ms MarkObjects: 0.618663 ms  DeleteObjects: 0.008664 ms)

Unloading 8 Unused Serialized files (Serialized files now loaded: 0)
UnloadTime: 3.559113 ms

Unloading 1 unused Assets to reduce memory usage. Loaded Objects now: 2111.
Total: 2.790618 ms (FindLiveObjects: 0.689174 ms CreateObjectMapping: 0.149456 ms MarkObjects: 1.919349 ms  DeleteObjects: 0.031146 ms)

Unloading 9 Unused Serialized files (Serialized files now loaded: 0)
UnloadTime: 1.637513 ms

Unloading 38 unused Assets to reduce memory usage. Loaded Objects now: 2187.
Total: 2.241494 ms (FindLiveObjects: 0.784306 ms CreateObjectMapping: 0.101323 ms MarkObjects: 1.091273 ms  DeleteObjects: 0.262622 ms)

Unloading 9 Unused Serialized files (Serialized files now loaded: 0)
UnloadTime: 3.484615 ms

Unloading 1 unused Assets to reduce memory usage. Loaded Objects now: 2187.
Total: 3.192583 ms (FindLiveObjects: 0.883634 ms CreateObjectMapping: 0.185786 ms MarkObjects: 2.088244 ms  DeleteObjects: 0.033194 ms)

Unloading 9 Unused Serialized files (Serialized files now loaded: 0)
UnloadTime: 3.534358 ms

Unloading 1 unused Assets to reduce memory usage. Loaded Objects now: 2187.
Total: 3.408855 ms (FindLiveObjects: 1.362619 ms CreateObjectMapping: 0.160500 ms MarkObjects: 1.860031 ms  DeleteObjects: 0.023951 ms)

Unloading 9 Unused Serialized files (Serialized files now loaded: 0)
UnloadTime: 4.329679 ms

Unloading 1 unused Assets to reduce memory usage. Loaded Objects now: 2187.
Total: 3.087506 ms (FindLiveObjects: 0.767345 ms CreateObjectMapping: 0.357951 ms MarkObjects: 1.934486 ms  DeleteObjects: 0.026093 ms)

Unloading 9 Unused Serialized files (Serialized files now loaded: 0)
UnloadTime: 3.372324 ms

Unloading 1 unused Assets to reduce memory usage. Loaded Objects now: 2187.
Total: 3.316278 ms (FindLiveObjects: 0.898435 ms CreateObjectMapping: 0.176104 ms MarkObjects: 2.202767 ms  DeleteObjects: 0.037333 ms)

Unloading 9 Unused Serialized files (Serialized files now loaded: 0)
UnloadTime: 3.467282 ms

Unloading 1 unused Assets to reduce memory usage. Loaded Objects now: 2187.
Total: 3.805874 ms (FindLiveObjects: 0.790758 ms CreateObjectMapping: 0.274109 ms MarkObjects: 2.700535 ms  DeleteObjects: 0.038787 ms)

Unloading 9 Unused Serialized files (Serialized files now loaded: 0)
UnloadTime: 3.380005 ms

Unloading 1 unused Assets to reduce memory usage. Loaded Objects now: 2187.
Total: 3.145566 ms (FindLiveObjects: 0.883075 ms CreateObjectMapping: 0.175283 ms MarkObjects: 2.050620 ms  DeleteObjects: 0.034799 ms)

Unloading 9 Unused Serialized files (Serialized files now loaded: 0)
UnloadTime: 4.364070 ms

Unloading 1 unused Assets to reduce memory usage. Loaded Objects now: 2187.
Total: 3.058914 ms (FindLiveObjects: 0.648256 ms CreateObjectMapping: 0.159770 ms MarkObjects: 2.207574 ms  DeleteObjects: 0.041621 ms)

Unloading 9 Unused Serialized files (Serialized files now loaded: 0)
UnloadTime: 3.138821 ms

Unloading 1 unused Assets to reduce memory usage. Loaded Objects now: 2187.
Total: 2.731987 ms (FindLiveObjects: 0.739693 ms CreateObjectMapping: 0.175072 ms MarkObjects: 1.785087 ms  DeleteObjects: 0.030695 ms)

Unloading 9 Unused Serialized files (Serialized files now loaded: 0)
UnloadTime: 4.618578 ms

Unloading 1 unused Assets to reduce memory usage. Loaded Objects now: 2187.
Total: 1.668068 ms (FindLiveObjects: 0.411343 ms CreateObjectMapping: 0.129768 ms MarkObjects: 1.113130 ms  DeleteObjects: 0.012933 ms)

Unloading 9 Unused Serialized files (Serialized files now loaded: 0)
UnloadTime: 3.597218 ms

Unloading 1 unused Assets to reduce memory usage. Loaded Objects now: 2187.
Total: 3.270481 ms (FindLiveObjects: 0.859169 ms CreateObjectMapping: 0.174852 ms MarkObjects: 2.195818 ms  DeleteObjects: 0.038641 ms)

Unloading 9 Unused Serialized files (Serialized files now loaded: 0)
UnloadTime: 4.138104 ms

Unloading 1 unused Assets to reduce memory usage. Loaded Objects now: 2187.
Total: 3.400748 ms (FindLiveObjects: 0.776580 ms CreateObjectMapping: 0.181258 ms MarkObjects: 2.404122 ms  DeleteObjects: 0.036973 ms)

Unloading 9 Unused Serialized files (Serialized files now loaded: 0)
UnloadTime: 1.052597 ms

Unloading 1 unused Assets to reduce memory usage. Loaded Objects now: 2187.
Total: 1.048654 ms (FindLiveObjects: 0.296824 ms CreateObjectMapping: 0.072993 ms MarkObjects: 0.667056 ms  DeleteObjects: 0.011304 ms)

Unloading 9 Unused Serialized files (Serialized files now loaded: 0)
UnloadTime: 1.080348 ms

Unloading 1 unused Assets to reduce memory usage. Loaded Objects now: 2187.
Total: 0.993943 ms (FindLiveObjects: 0.265447 ms CreateObjectMapping: 0.062406 ms MarkObjects: 0.654268 ms  DeleteObjects: 0.011000 ms)

Unloading 9 Unused Serialized files (Serialized files now loaded: 0)
UnloadTime: 1.121147 ms

Unloading 1 unused Assets to reduce memory usage. Loaded Objects now: 2187.
Total: 1.499298 ms (FindLiveObjects: 0.418138 ms CreateObjectMapping: 0.097595 ms MarkObjects: 0.971056 ms  DeleteObjects: 0.011806 ms)

Unloading 9 Unused Serialized files (Serialized files now loaded: 0)
UnloadTime: 3.524600 ms

Unloading 1 unused Assets to reduce memory usage. Loaded Objects now: 2187.
Total: 3.262336 ms (FindLiveObjects: 0.832547 ms CreateObjectMapping: 0.179781 ms MarkObjects: 2.221269 ms  DeleteObjects: 0.027227 ms)

Unloading 9 Unused Serialized files (Serialized files now loaded: 0)
UnloadTime: 4.439488 ms

Unloading 1 unused Assets to reduce memory usage. Loaded Objects now: 2187.
Total: 3.203951 ms (FindLiveObjects: 0.858919 ms CreateObjectMapping: 0.178982 ms MarkObjects: 2.128362 ms  DeleteObjects: 0.035887 ms)

Unloading 9 Unused Serialized files (Serialized files now loaded: 0)
UnloadTime: 3.804050 ms

Unloading 1 unused Assets to reduce memory usage. Loaded Objects now: 2187.
Total: 3.902936 ms (FindLiveObjects: 0.942095 ms CreateObjectMapping: 0.251857 ms MarkObjects: 2.666068 ms  DeleteObjects: 0.040889 ms)

Unloading 9 Unused Serialized files (Serialized files now loaded: 0)
UnloadTime: 3.562094 ms

Unloading 1 unused Assets to reduce memory usage. Loaded Objects now: 2187.
Total: 3.668823 ms (FindLiveObjects: 0.868358 ms CreateObjectMapping: 0.175533 ms MarkObjects: 2.583999 ms  DeleteObjects: 0.039232 ms)

Unloading 9 Unused Serialized files (Serialized files now loaded: 0)
UnloadTime: 2.236362 ms

Unloading 1 unused Assets to reduce memory usage. Loaded Objects now: 2187.
Total: 2.451620 ms (FindLiveObjects: 0.679733 ms CreateObjectMapping: 0.152920 ms MarkObjects: 1.592015 ms  DeleteObjects: 0.025771 ms)

Unloading 9 Unused Serialized files (Serialized files now loaded: 0)
UnloadTime: 3.387276 ms

Unloading 1 unused Assets to reduce memory usage. Loaded Objects now: 2187.
Total: 3.260215 ms (FindLiveObjects: 0.751291 ms CreateObjectMapping: 0.178854 ms MarkObjects: 2.291265 ms  DeleteObjects: 0.037110 ms)

Unloading 9 Unused Serialized files (Serialized files now loaded: 0)
UnloadTime: 2.117112 ms

Unloading 1 unused Assets to reduce memory usage. Loaded Objects now: 2187.
Total: 1.133981 ms (FindLiveObjects: 0.301275 ms CreateObjectMapping: 0.097617 ms MarkObjects: 0.722253 ms  DeleteObjects: 0.012074 ms)

Unloading 9 Unused Serialized files (Serialized files now loaded: 0)
UnloadTime: 3.432551 ms

Unloading 1 unused Assets to reduce memory usage. Loaded Objects now: 2187.
Total: 2.903236 ms (FindLiveObjects: 0.659757 ms CreateObjectMapping: 0.182558 ms MarkObjects: 2.023072 ms  DeleteObjects: 0.036183 ms)

Unloading 9 Unused Serialized files (Serialized files now loaded: 0)
UnloadTime: 3.514102 ms

Unloading 1 unused Assets to reduce memory usage. Loaded Objects now: 2187.
Total: 3.350254 ms (FindLiveObjects: 0.736437 ms CreateObjectMapping: 0.225672 ms MarkObjects: 2.350842 ms  DeleteObjects: 0.035795 ms)

Unloading 9 Unused Serialized files (Serialized files now loaded: 0)
UnloadTime: 3.328272 ms

Unloading 1 unused Assets to reduce memory usage. Loaded Objects now: 2187.
Total: 3.563498 ms (FindLiveObjects: 0.887655 ms CreateObjectMapping: 0.177703 ms MarkObjects: 2.461336 ms  DeleteObjects: 0.035080 ms)

Unloading 9 Unused Serialized files (Serialized files now loaded: 0)
UnloadTime: 3.502119 ms

Unloading 1 unused Assets to reduce memory usage. Loaded Objects now: 2187.
Total: 2.814112 ms (FindLiveObjects: 0.723826 ms CreateObjectMapping: 0.169759 ms MarkObjects: 1.886824 ms  DeleteObjects: 0.032348 ms)

Unloading 9 Unused Serialized files (Serialized files now loaded: 0)
UnloadTime: 4.999008 ms

Unloading 1 unused Assets to reduce memory usage. Loaded Objects now: 2187.
Total: 3.284714 ms (FindLiveObjects: 0.896787 ms CreateObjectMapping: 0.167708 ms MarkObjects: 2.172314 ms  DeleteObjects: 0.045962 ms)

Unloading 9 Unused Serialized files (Serialized files now loaded: 0)
UnloadTime: 2.336338 ms

Unloading 1 unused Assets to reduce memory usage. Loaded Objects now: 2187.
Total: 1.977239 ms (FindLiveObjects: 0.471642 ms CreateObjectMapping: 0.101615 ms MarkObjects: 1.385916 ms  DeleteObjects: 0.016967 ms)

Unloading 9 Unused Serialized files (Serialized files now loaded: 0)
UnloadTime: 1.619529 ms

Unloading 1 unused Assets to reduce memory usage. Loaded Objects now: 2187.
Total: 1.669850 ms (FindLiveObjects: 0.401784 ms CreateObjectMapping: 0.089295 ms MarkObjects: 1.163717 ms  DeleteObjects: 0.014066 ms)

Unloading 9 Unused Serialized files (Serialized files now loaded: 0)
UnloadTime: 3.609919 ms

Unloading 1 unused Assets to reduce memory usage. Loaded Objects now: 2187.
Total: 3.156597 ms (FindLiveObjects: 0.740332 ms CreateObjectMapping: 0.174192 ms MarkObjects: 2.202970 ms  DeleteObjects: 0.037183 ms)

Unloading 9 Unused Serialized files (Serialized files now loaded: 0)
UnloadTime: 3.140749 ms

Unloading 109 unused Assets to reduce memory usage. Loaded Objects now: 2089.
Total: 3.487439 ms (FindLiveObjects: 0.695178 ms CreateObjectMapping: 0.157379 ms MarkObjects: 1.867804 ms  DeleteObjects: 0.765241 ms)

Unloading 5 Unused Serialized files (Serialized files now loaded: 0)
UnloadTime: 3.076645 ms

Unloading 108 unused Assets to reduce memory usage. Loaded Objects now: 2228.
Total: 2.113735 ms (FindLiveObjects: 0.426878 ms CreateObjectMapping: 0.098993 ms MarkObjects: 1.047720 ms  DeleteObjects: 0.539340 ms)

Unloading 5 Unused Serialized files (Serialized files now loaded: 0)
UnloadTime: 4.359239 ms

Unloading 1 unused Assets to reduce memory usage. Loaded Objects now: 2228.
Total: 3.074067 ms (FindLiveObjects: 0.851444 ms CreateObjectMapping: 0.204798 ms MarkObjects: 1.980160 ms  DeleteObjects: 0.036223 ms)

Unloading 5 Unused Serialized files (Serialized files now loaded: 0)
UnloadTime: 7.873668 ms

Unloading 1 unused Assets to reduce memory usage. Loaded Objects now: 2228.
Total: 2.776629 ms (FindLiveObjects: 0.658663 ms CreateObjectMapping: 0.147554 ms MarkObjects: 1.935910 ms  DeleteObjects: 0.033009 ms)

Unloading 10 Unused Serialized files (Serialized files now loaded: 0)
UnloadTime: 1.424900 ms

Unloading 221 unused Assets to reduce memory usage. Loaded Objects now: 2097.
Total: 2.011904 ms (FindLiveObjects: 0.360631 ms CreateObjectMapping: 0.078671 ms MarkObjects: 0.817027 ms  DeleteObjects: 0.752545 ms)

Uploading Crash Report
FileNotFoundException: Could not find file "/home/cnvx/.local/share/Steam/steamapps/common/Helltaker\local\9.json"
  at System.IO.FileStream..ctor (System.String path, System.IO.FileMode mode, System.IO.FileAccess access, System.IO.FileShare share, System.Int32 bufferSize, System.Boolean anonymous, System.IO.FileOptions options) [0x001b7] in <31c751c7f24e441c95072fa1e96928f2>:0 
  at System.IO.FileStream..ctor (System.String path, System.IO.FileMode mode, System.IO.FileAccess access, System.IO.FileShare share, System.Int32 bufferSize, System.IO.FileOptions options, System.String msgPath, System.Boolean bFromProxy, System.Boolean useLongPath, System.Boolean checkHost) [0x00000] in <31c751c7f24e441c95072fa1e96928f2>:0 
  at (wrapper remoting-invoke-with-check) System.IO.FileStream..ctor(string,System.IO.FileMode,System.IO.FileAccess,System.IO.FileShare,int,System.IO.FileOptions,string,bool,bool,bool)
  at System.IO.StreamReader..ctor (System.String path, System.Text.Encoding encoding, System.Boolean detectEncodingFromByteOrderMarks, System.Int32 bufferSize, System.Boolean checkHost) [0x00067] in <31c751c7f24e441c95072fa1e96928f2>:0 
  at System.IO.StreamReader..ctor (System.String path, System.Text.Encoding encoding, System.Boolean detectEncodingFromByteOrderMarks, System.Int32 bufferSize) [0x00000] in <31c751c7f24e441c95072fa1e96928f2>:0 
  at System.IO.StreamReader..ctor (System.String path, System.Boolean detectEncodingFromByteOrderMarks) [0x0000d] in <31c751c7f24e441c95072fa1e96928f2>:0 
  at System.IO.StreamReader..ctor (System.String path) [0x00000] in <31c751c7f24e441c95072fa1e96928f2>:0 
  at (wrapper remoting-invoke-with-check) System.IO.StreamReader..ctor(string)
  at System.IO.File.OpenText (System.String path) [0x00000] in <31c751c7f24e441c95072fa1e96928f2>:0 
  at System.IO.File.ReadAllLines (System.String path) [0x00000] in <31c751c7f24e441c95072fa1e96928f2>:0 
  at secret_VI.Start () [0x00015] in <5d27b7c18ff44511987a16953241caa4>:0 
 
(Filename: <31c751c7f24e441c95072fa1e96928f2> Line: 0)

Unloading 10 Unused Serialized files (Serialized files now loaded: 0)
UnloadTime: 2.233186 ms

Unloading 1 unused Assets to reduce memory usage. Loaded Objects now: 2097.
Total: 1.746196 ms (FindLiveObjects: 0.426234 ms CreateObjectMapping: 0.147337 ms MarkObjects: 1.147582 ms  DeleteObjects: 0.023755 ms)

FileNotFoundException: Could not find file "/home/cnvx/.local/share/Steam/steamapps/common/Helltaker\local\9.json"
  at System.IO.FileStream..ctor (System.String path, System.IO.FileMode mode, System.IO.FileAccess access, System.IO.FileShare share, System.Int32 bufferSize, System.Boolean anonymous, System.IO.FileOptions options) [0x001b7] in <31c751c7f24e441c95072fa1e96928f2>:0 
  at System.IO.FileStream..ctor (System.String path, System.IO.FileMode mode, System.IO.FileAccess access, System.IO.FileShare share, System.Int32 bufferSize, System.IO.FileOptions options, System.String msgPath, System.Boolean bFromProxy, System.Boolean useLongPath, System.Boolean checkHost) [0x00000] in <31c751c7f24e441c95072fa1e96928f2>:0 
  at (wrapper remoting-invoke-with-check) System.IO.FileStream..ctor(string,System.IO.FileMode,System.IO.FileAccess,System.IO.FileShare,int,System.IO.FileOptions,string,bool,bool,bool)
  at System.IO.StreamReader..ctor (System.String path, System.Text.Encoding encoding, System.Boolean detectEncodingFromByteOrderMarks, System.Int32 bufferSize, System.Boolean checkHost) [0x00067] in <31c751c7f24e441c95072fa1e96928f2>:0 
  at System.IO.StreamReader..ctor (System.String path, System.Text.Encoding encoding, System.Boolean detectEncodingFromByteOrderMarks, System.Int32 bufferSize) [0x00000] in <31c751c7f24e441c95072fa1e96928f2>:0 
  at System.IO.StreamReader..ctor (System.String path, System.Boolean detectEncodingFromByteOrderMarks) [0x0000d] in <31c751c7f24e441c95072fa1e96928f2>:0 
  at System.IO.StreamReader..ctor (System.String path) [0x00000] in <31c751c7f24e441c95072fa1e96928f2>:0 
  at (wrapper remoting-invoke-with-check) System.IO.StreamReader..ctor(string)
  at System.IO.File.OpenText (System.String path) [0x00000] in <31c751c7f24e441c95072fa1e96928f2>:0 
  at System.IO.File.ReadAllLines (System.String path) [0x00000] in <31c751c7f24e441c95072fa1e96928f2>:0 
  at secret_VI.Start () [0x00015] in <5d27b7c18ff44511987a16953241caa4>:0 
 
(Filename: <31c751c7f24e441c95072fa1e96928f2> Line: 0)

Unloading 5 Unused Serialized files (Serialized files now loaded: 0)
UnloadTime: 1.296279 ms

Unloading 298 unused Assets to reduce memory usage. Loaded Objects now: 1764.
Total: 1.763221 ms (FindLiveObjects: 0.268897 ms CreateObjectMapping: 0.098840 ms MarkObjects: 0.715703 ms  DeleteObjects: 0.679254 ms)

Unloading 10 Unused Serialized files (Serialized files now loaded: 0)
UnloadTime: 0.970591 ms

Unloading 164 unused Assets to reduce memory usage. Loaded Objects now: 4695.
Total: 1.909222 ms (FindLiveObjects: 0.402135 ms CreateObjectMapping: 0.125772 ms MarkObjects: 1.039015 ms  DeleteObjects: 0.341819 ms)

Unloading 10 Unused Serialized files (Serialized files now loaded: 0)
UnloadTime: 5.571139 ms

Unloading 2 unused Assets to reduce memory usage. Loaded Objects now: 4694.
Total: 2.706713 ms (FindLiveObjects: 0.730947 ms CreateObjectMapping: 0.158263 ms MarkObjects: 1.721333 ms  DeleteObjects: 0.095192 ms)

Unloading 10 Unused Serialized files (Serialized files now loaded: 0)
UnloadTime: 12.019651 ms

Unloading 1 unused Assets to reduce memory usage. Loaded Objects now: 4694.
Total: 4.441114 ms (FindLiveObjects: 1.220306 ms CreateObjectMapping: 0.209263 ms MarkObjects: 2.956562 ms  DeleteObjects: 0.053318 ms)

Unloading 10 Unused Serialized files (Serialized files now loaded: 0)
UnloadTime: 11.549487 ms

Unloading 1 unused Assets to reduce memory usage. Loaded Objects now: 4694.
Total: 3.108512 ms (FindLiveObjects: 0.717772 ms CreateObjectMapping: 0.154151 ms MarkObjects: 2.204509 ms  DeleteObjects: 0.030891 ms)

Unloading 12 Unused Serialized files (Serialized files now loaded: 0)
UnloadTime: 11.612214 ms

Unloading 9 unused Assets to reduce memory usage. Loaded Objects now: 4694.
Total: 2.492174 ms (FindLiveObjects: 0.549928 ms CreateObjectMapping: 0.116731 ms MarkObjects: 1.746135 ms  DeleteObjects: 0.078362 ms)

Unloading 12 Unused Serialized files (Serialized files now loaded: 0)
UnloadTime: 11.041679 ms

Unloading 1 unused Assets to reduce memory usage. Loaded Objects now: 4694.
Total: 5.221334 ms (FindLiveObjects: 1.701608 ms CreateObjectMapping: 0.237231 ms MarkObjects: 3.230729 ms  DeleteObjects: 0.049819 ms)

Unloading 12 Unused Serialized files (Serialized files now loaded: 0)
UnloadTime: 13.793784 ms

Unloading 1 unused Assets to reduce memory usage. Loaded Objects now: 4694.
Total: 7.831261 ms (FindLiveObjects: 1.714856 ms CreateObjectMapping: 0.362471 ms MarkObjects: 5.717605 ms  DeleteObjects: 0.033848 ms)

Unloading 12 Unused Serialized files (Serialized files now loaded: 0)
UnloadTime: 7.853384 ms

Unloading 1 unused Assets to reduce memory usage. Loaded Objects now: 4694.
Total: 3.221624 ms (FindLiveObjects: 0.726504 ms CreateObjectMapping: 0.185190 ms MarkObjects: 2.284605 ms  DeleteObjects: 0.024047 ms)

Unloading 12 Unused Serialized files (Serialized files now loaded: 0)
UnloadTime: 14.139549 ms

Unloading 1 unused Assets to reduce memory usage. Loaded Objects now: 4694.
Total: 5.147863 ms (FindLiveObjects: 1.285733 ms CreateObjectMapping: 0.237160 ms MarkObjects: 3.573886 ms  DeleteObjects: 0.049413 ms)

Unloading 12 Unused Serialized files (Serialized files now loaded: 0)
UnloadTime: 11.389676 ms

Unloading 1 unused Assets to reduce memory usage. Loaded Objects now: 4694.
Total: 5.482132 ms (FindLiveObjects: 1.090754 ms CreateObjectMapping: 0.238017 ms MarkObjects: 4.107223 ms  DeleteObjects: 0.044307 ms)

Unloading 12 Unused Serialized files (Serialized files now loaded: 0)
UnloadTime: 11.901216 ms

Unloading 1 unused Assets to reduce memory usage. Loaded Objects now: 4694.
Total: 3.523781 ms (FindLiveObjects: 0.715096 ms CreateObjectMapping: 0.146925 ms MarkObjects: 2.637236 ms  DeleteObjects: 0.023465 ms)

Unloading 12 Unused Serialized files (Serialized files now loaded: 0)
UnloadTime: 16.061729 ms

Unloading 1 unused Assets to reduce memory usage. Loaded Objects now: 4694.
Total: 4.890714 ms (FindLiveObjects: 1.275766 ms CreateObjectMapping: 0.262384 ms MarkObjects: 3.308784 ms  DeleteObjects: 0.041730 ms)

Unloading 12 Unused Serialized files (Serialized files now loaded: 0)
UnloadTime: 3.872973 ms

Unloading 1 unused Assets to reduce memory usage. Loaded Objects now: 4694.
Total: 1.703407 ms (FindLiveObjects: 0.435874 ms CreateObjectMapping: 0.080194 ms MarkObjects: 1.171575 ms  DeleteObjects: 0.015178 ms)

Unloading 12 Unused Serialized files (Serialized files now loaded: 0)
UnloadTime: 6.022824 ms

Unloading 1 unused Assets to reduce memory usage. Loaded Objects now: 4694.
Total: 1.658104 ms (FindLiveObjects: 0.416717 ms CreateObjectMapping: 0.085870 ms MarkObjects: 1.139206 ms  DeleteObjects: 0.015491 ms)

Unloading 11 Unused Serialized files (Serialized files now loaded: 0)
UnloadTime: 3.383791 ms

Unloading 13 unused Assets to reduce memory usage. Loaded Objects now: 4844.
Total: 5.075352 ms (FindLiveObjects: 1.310702 ms CreateObjectMapping: 0.236273 ms MarkObjects: 3.331722 ms  DeleteObjects: 0.195015 ms)

Unloading 11 Unused Serialized files (Serialized files now loaded: 0)
UnloadTime: 12.767451 ms

Unloading 1 unused Assets to reduce memory usage. Loaded Objects now: 4844.
Total: 6.224729 ms (FindLiveObjects: 1.604046 ms CreateObjectMapping: 0.333576 ms MarkObjects: 4.233105 ms  DeleteObjects: 0.051809 ms)

Unloading 11 Unused Serialized files (Serialized files now loaded: 0)
UnloadTime: 13.329271 ms

Unloading 1 unused Assets to reduce memory usage. Loaded Objects now: 4844.
Total: 3.331485 ms (FindLiveObjects: 0.829401 ms CreateObjectMapping: 0.175359 ms MarkObjects: 2.302473 ms  DeleteObjects: 0.022946 ms)

Unloading 11 Unused Serialized files (Serialized files now loaded: 0)
UnloadTime: 3.849044 ms

Unloading 1 unused Assets to reduce memory usage. Loaded Objects now: 4844.
Total: 1.714108 ms (FindLiveObjects: 0.504112 ms CreateObjectMapping: 0.088546 ms MarkObjects: 1.105922 ms  DeleteObjects: 0.014881 ms)

Unloading 11 Unused Serialized files (Serialized files now loaded: 0)
UnloadTime: 14.302906 ms

Unloading 1 unused Assets to reduce memory usage. Loaded Objects now: 4844.
Total: 3.671886 ms (FindLiveObjects: 0.768336 ms CreateObjectMapping: 0.158506 ms MarkObjects: 2.712182 ms  DeleteObjects: 0.031614 ms)

Unloading 11 Unused Serialized files (Serialized files now loaded: 0)
UnloadTime: 5.722632 ms

Unloading 1 unused Assets to reduce memory usage. Loaded Objects now: 4844.
Total: 1.696285 ms (FindLiveObjects: 0.428898 ms CreateObjectMapping: 0.091492 ms MarkObjects: 1.158813 ms  DeleteObjects: 0.016326 ms)

Unloading 11 Unused Serialized files (Serialized files now loaded: 0)
UnloadTime: 8.085580 ms

Unloading 1 unused Assets to reduce memory usage. Loaded Objects now: 4844.
Total: 2.457190 ms (FindLiveObjects: 0.630611 ms CreateObjectMapping: 0.121340 ms MarkObjects: 1.682465 ms  DeleteObjects: 0.021935 ms)

Unloading 11 Unused Serialized files (Serialized files now loaded: 0)
UnloadTime: 7.551334 ms

Unloading 1 unused Assets to reduce memory usage. Loaded Objects now: 4844.
Total: 3.374839 ms (FindLiveObjects: 0.967478 ms CreateObjectMapping: 0.162327 ms MarkObjects: 2.213441 ms  DeleteObjects: 0.030653 ms)

Unloading 11 Unused Serialized files (Serialized files now loaded: 0)
UnloadTime: 8.382482 ms

Unloading 1 unused Assets to reduce memory usage. Loaded Objects now: 4844.
Total: 2.847444 ms (FindLiveObjects: 0.586570 ms CreateObjectMapping: 0.125035 ms MarkObjects: 2.111336 ms  DeleteObjects: 0.023556 ms)

Unloading 11 Unused Serialized files (Serialized files now loaded: 0)
UnloadTime: 9.212971 ms

Unloading 1 unused Assets to reduce memory usage. Loaded Objects now: 4844.
Total: 3.481136 ms (FindLiveObjects: 0.724346 ms CreateObjectMapping: 0.192442 ms MarkObjects: 2.528778 ms  DeleteObjects: 0.034110 ms)

Unloading 11 Unused Serialized files (Serialized files now loaded: 0)
UnloadTime: 7.301016 ms

Unloading 1 unused Assets to reduce memory usage. Loaded Objects now: 4844.
Total: 3.594205 ms (FindLiveObjects: 0.832027 ms CreateObjectMapping: 0.271632 ms MarkObjects: 2.458056 ms  DeleteObjects: 0.031422 ms)

Unloading 11 Unused Serialized files (Serialized files now loaded: 0)
UnloadTime: 9.489617 ms

Unloading 1 unused Assets to reduce memory usage. Loaded Objects now: 4844.
Total: 4.132499 ms (FindLiveObjects: 0.915092 ms CreateObjectMapping: 0.166524 ms MarkObjects: 3.015025 ms  DeleteObjects: 0.034280 ms)

Unloading 9 Unused Serialized files (Serialized files now loaded: 0)
UnloadTime: 7.206220 ms

Unloading 161 unused Assets to reduce memory usage. Loaded Objects now: 4787.
Total: 4.569763 ms (FindLiveObjects: 0.898455 ms CreateObjectMapping: 0.265266 ms MarkObjects: 2.449422 ms  DeleteObjects: 0.953968 ms)

Unloading 9 Unused Serialized files (Serialized files now loaded: 0)
UnloadTime: 9.012058 ms

Unloading 2 unused Assets to reduce memory usage. Loaded Objects now: 4786.
Total: 3.187623 ms (FindLiveObjects: 0.761217 ms CreateObjectMapping: 0.137657 ms MarkObjects: 2.162774 ms  DeleteObjects: 0.125056 ms)

Unloading 9 Unused Serialized files (Serialized files now loaded: 0)
UnloadTime: 12.231765 ms

Unloading 1 unused Assets to reduce memory usage. Loaded Objects now: 4786.
Total: 2.568357 ms (FindLiveObjects: 0.552473 ms CreateObjectMapping: 0.119942 ms MarkObjects: 1.877244 ms  DeleteObjects: 0.017794 ms)

Unloading 9 Unused Serialized files (Serialized files now loaded: 0)
UnloadTime: 12.015733 ms

Unloading 1 unused Assets to reduce memory usage. Loaded Objects now: 4786.
Total: 5.086973 ms (FindLiveObjects: 1.331884 ms CreateObjectMapping: 0.249860 ms MarkObjects: 3.460347 ms  DeleteObjects: 0.043086 ms)

Unloading 9 Unused Serialized files (Serialized files now loaded: 0)
UnloadTime: 7.987513 ms

Unloading 1 unused Assets to reduce memory usage. Loaded Objects now: 4786.
Total: 3.061490 ms (FindLiveObjects: 0.689753 ms CreateObjectMapping: 0.156475 ms MarkObjects: 2.191858 ms  DeleteObjects: 0.022398 ms)

Unloading 9 Unused Serialized files (Serialized files now loaded: 0)
UnloadTime: 11.595484 ms

Unloading 1 unused Assets to reduce memory usage. Loaded Objects now: 4786.
Total: 3.444111 ms (FindLiveObjects: 0.832377 ms CreateObjectMapping: 0.158367 ms MarkObjects: 2.420439 ms  DeleteObjects: 0.031541 ms)

Unloading 9 Unused Serialized files (Serialized files now loaded: 0)
UnloadTime: 7.757398 ms

Unloading 1 unused Assets to reduce memory usage. Loaded Objects now: 4786.
Total: 3.582472 ms (FindLiveObjects: 0.822274 ms CreateObjectMapping: 0.152788 ms MarkObjects: 2.572328 ms  DeleteObjects: 0.033608 ms)

Unloading 9 Unused Serialized files (Serialized files now loaded: 0)
UnloadTime: 5.971381 ms

Unloading 1 unused Assets to reduce memory usage. Loaded Objects now: 4786.
Total: 2.403893 ms (FindLiveObjects: 0.465058 ms CreateObjectMapping: 0.088294 ms MarkObjects: 1.830642 ms  DeleteObjects: 0.018941 ms)

Unloading 9 Unused Serialized files (Serialized files now loaded: 0)
UnloadTime: 12.009094 ms

Unloading 1 unused Assets to reduce memory usage. Loaded Objects now: 4786.
Total: 5.677422 ms (FindLiveObjects: 1.716693 ms CreateObjectMapping: 0.428955 ms MarkObjects: 3.480749 ms  DeleteObjects: 0.049108 ms)

Unloading 9 Unused Serialized files (Serialized files now loaded: 0)
UnloadTime: 12.065838 ms

Unloading 1 unused Assets to reduce memory usage. Loaded Objects now: 4786.
Total: 5.102269 ms (FindLiveObjects: 1.341763 ms CreateObjectMapping: 0.250440 ms MarkObjects: 3.473377 ms  DeleteObjects: 0.034792 ms)

Unloading 9 Unused Serialized files (Serialized files now loaded: 0)
UnloadTime: 12.128932 ms

Unloading 1 unused Assets to reduce memory usage. Loaded Objects now: 4786.
Total: 4.927809 ms (FindLiveObjects: 1.152288 ms CreateObjectMapping: 0.213559 ms MarkObjects: 3.515564 ms  DeleteObjects: 0.044480 ms)

Unloading 9 Unused Serialized files (Serialized files now loaded: 0)
UnloadTime: 4.496284 ms

Unloading 1 unused Assets to reduce memory usage. Loaded Objects now: 4786.
Total: 1.629046 ms (FindLiveObjects: 0.423916 ms CreateObjectMapping: 0.092831 ms MarkObjects: 1.096228 ms  DeleteObjects: 0.015206 ms)

Unloading 9 Unused Serialized files (Serialized files now loaded: 0)
UnloadTime: 12.468865 ms

Unloading 1 unused Assets to reduce memory usage. Loaded Objects now: 4786.
Total: 2.528328 ms (FindLiveObjects: 0.605048 ms CreateObjectMapping: 0.118796 ms MarkObjects: 1.781444 ms  DeleteObjects: 0.022009 ms)

Unloading 9 Unused Serialized files (Serialized files now loaded: 0)
UnloadTime: 5.744570 ms

Unloading 1 unused Assets to reduce memory usage. Loaded Objects now: 4786.
Total: 2.497512 ms (FindLiveObjects: 0.598587 ms CreateObjectMapping: 0.120434 ms MarkObjects: 1.753920 ms  DeleteObjects: 0.023575 ms)

Unloading 9 Unused Serialized files (Serialized files now loaded: 0)
UnloadTime: 8.891916 ms

Unloading 1 unused Assets to reduce memory usage. Loaded Objects now: 4786.
Total: 3.361987 ms (FindLiveObjects: 0.777409 ms CreateObjectMapping: 0.163435 ms MarkObjects: 2.380326 ms  DeleteObjects: 0.039711 ms)

Unloading 9 Unused Serialized files (Serialized files now loaded: 0)
UnloadTime: 11.288163 ms

Unloading 1 unused Assets to reduce memory usage. Loaded Objects now: 4786.
Total: 5.193299 ms (FindLiveObjects: 1.278375 ms CreateObjectMapping: 0.279012 ms MarkObjects: 3.598112 ms  DeleteObjects: 0.035760 ms)

Unloading 9 Unused Serialized files (Serialized files now loaded: 0)
UnloadTime: 12.896738 ms

Unloading 1 unused Assets to reduce memory usage. Loaded Objects now: 4786.
Total: 2.128283 ms (FindLiveObjects: 0.534971 ms CreateObjectMapping: 0.104873 ms MarkObjects: 1.467506 ms  DeleteObjects: 0.019740 ms)

Unloading 9 Unused Serialized files (Serialized files now loaded: 0)
UnloadTime: 5.603941 ms

Unloading 1 unused Assets to reduce memory usage. Loaded Objects now: 4786.
Total: 4.510739 ms (FindLiveObjects: 1.115687 ms CreateObjectMapping: 0.230852 ms MarkObjects: 3.122121 ms  DeleteObjects: 0.040597 ms)

Unloading 9 Unused Serialized files (Serialized files now loaded: 0)
UnloadTime: 5.738821 ms

Unloading 1 unused Assets to reduce memory usage. Loaded Objects now: 4786.
Total: 3.170281 ms (FindLiveObjects: 0.625930 ms CreateObjectMapping: 0.171438 ms MarkObjects: 2.355739 ms  DeleteObjects: 0.016278 ms)

Unloading 9 Unused Serialized files (Serialized files now loaded: 0)
UnloadTime: 5.399622 ms

Unloading 1 unused Assets to reduce memory usage. Loaded Objects now: 4786.
Total: 1.913883 ms (FindLiveObjects: 0.429241 ms CreateObjectMapping: 0.087996 ms MarkObjects: 1.380542 ms  DeleteObjects: 0.015299 ms)

Unloading 9 Unused Serialized files (Serialized files now loaded: 0)
UnloadTime: 7.515224 ms

Unloading 1 unused Assets to reduce memory usage. Loaded Objects now: 4786.
Total: 2.838326 ms (FindLiveObjects: 0.834957 ms CreateObjectMapping: 0.180107 ms MarkObjects: 1.793213 ms  DeleteObjects: 0.029221 ms)

Unloading 9 Unused Serialized files (Serialized files now loaded: 0)
UnloadTime: 6.171647 ms

Unloading 1 unused Assets to reduce memory usage. Loaded Objects now: 4786.
Total: 6.411763 ms (FindLiveObjects: 2.584762 ms CreateObjectMapping: 0.254525 ms MarkObjects: 3.524615 ms  DeleteObjects: 0.045718 ms)

Unloading 9 Unused Serialized files (Serialized files now loaded: 0)
UnloadTime: 11.554815 ms

Unloading 1 unused Assets to reduce memory usage. Loaded Objects now: 4786.
Total: 2.858610 ms (FindLiveObjects: 0.668746 ms CreateObjectMapping: 0.125538 ms MarkObjects: 2.045356 ms  DeleteObjects: 0.018008 ms)

Unloading 9 Unused Serialized files (Serialized files now loaded: 0)
UnloadTime: 12.222450 ms

Unloading 1 unused Assets to reduce memory usage. Loaded Objects now: 4786.
Total: 2.334144 ms (FindLiveObjects: 0.539052 ms CreateObjectMapping: 0.108055 ms MarkObjects: 1.664756 ms  DeleteObjects: 0.021090 ms)

Unloading 9 Unused Serialized files (Serialized files now loaded: 0)
UnloadTime: 12.310130 ms

Unloading 1 unused Assets to reduce memory usage. Loaded Objects now: 4786.
Total: 5.645606 ms (FindLiveObjects: 1.680922 ms CreateObjectMapping: 0.255241 ms MarkObjects: 3.671286 ms  DeleteObjects: 0.036365 ms)

Unloading 9 Unused Serialized files (Serialized files now loaded: 0)
UnloadTime: 12.875740 ms

Unloading 1 unused Assets to reduce memory usage. Loaded Objects now: 4786.
Total: 2.502305 ms (FindLiveObjects: 0.594738 ms CreateObjectMapping: 0.120845 ms MarkObjects: 1.768719 ms  DeleteObjects: 0.016826 ms)

Unloading 9 Unused Serialized files (Serialized files now loaded: 0)
UnloadTime: 12.178362 ms

Unloading 1 unused Assets to reduce memory usage. Loaded Objects now: 4786.
Total: 5.888586 ms (FindLiveObjects: 1.612555 ms CreateObjectMapping: 0.271265 ms MarkObjects: 3.952956 ms  DeleteObjects: 0.049521 ms)

Unloading 9 Unused Serialized files (Serialized files now loaded: 0)
UnloadTime: 5.863260 ms

Unloading 1 unused Assets to reduce memory usage. Loaded Objects now: 4786.
Total: 1.653428 ms (FindLiveObjects: 0.391864 ms CreateObjectMapping: 0.079119 ms MarkObjects: 1.165515 ms  DeleteObjects: 0.016127 ms)

Unloading 9 Unused Serialized files (Serialized files now loaded: 0)
UnloadTime: 15.152286 ms

Unloading 1 unused Assets to reduce memory usage. Loaded Objects now: 4786.
Total: 5.392134 ms (FindLiveObjects: 1.488101 ms CreateObjectMapping: 0.324348 ms MarkObjects: 3.531832 ms  DeleteObjects: 0.046044 ms)

Unloading 9 Unused Serialized files (Serialized files now loaded: 0)
UnloadTime: 7.314384 ms

Unloading 1 unused Assets to reduce memory usage. Loaded Objects now: 4786.
Total: 3.240496 ms (FindLiveObjects: 0.777099 ms CreateObjectMapping: 0.154957 ms MarkObjects: 2.276028 ms  DeleteObjects: 0.031189 ms)

Unloading 9 Unused Serialized files (Serialized files now loaded: 0)
UnloadTime: 7.617123 ms

Unloading 1 unused Assets to reduce memory usage. Loaded Objects now: 4786.
Total: 2.120572 ms (FindLiveObjects: 0.524983 ms CreateObjectMapping: 0.107708 ms MarkObjects: 1.467224 ms  DeleteObjects: 0.019479 ms)

Unloading 9 Unused Serialized files (Serialized files now loaded: 0)
UnloadTime: 4.499413 ms

Unloading 1 unused Assets to reduce memory usage. Loaded Objects now: 4786.
Total: 1.747603 ms (FindLiveObjects: 0.440490 ms CreateObjectMapping: 0.085324 ms MarkObjects: 1.209269 ms  DeleteObjects: 0.011854 ms)

Unloading 9 Unused Serialized files (Serialized files now loaded: 0)
UnloadTime: 11.882445 ms

Unloading 1 unused Assets to reduce memory usage. Loaded Objects now: 4786.
Total: 4.068991 ms (FindLiveObjects: 0.735543 ms CreateObjectMapping: 0.145265 ms MarkObjects: 3.157286 ms  DeleteObjects: 0.029806 ms)

Unloading 9 Unused Serialized files (Serialized files now loaded: 0)
UnloadTime: 10.738698 ms

Unloading 1 unused Assets to reduce memory usage. Loaded Objects now: 4786.
Total: 4.361624 ms (FindLiveObjects: 1.085841 ms CreateObjectMapping: 0.210710 ms MarkObjects: 3.031203 ms  DeleteObjects: 0.031881 ms)

Unloading 9 Unused Serialized files (Serialized files now loaded: 0)
UnloadTime: 15.096486 ms

Unloading 1 unused Assets to reduce memory usage. Loaded Objects now: 4786.
Total: 3.389276 ms (FindLiveObjects: 0.681450 ms CreateObjectMapping: 0.172548 ms MarkObjects: 2.503046 ms  DeleteObjects: 0.031026 ms)

Unloading 9 Unused Serialized files (Serialized files now loaded: 0)
UnloadTime: 11.233661 ms

Unloading 1 unused Assets to reduce memory usage. Loaded Objects now: 4786.
Total: 2.382307 ms (FindLiveObjects: 0.557484 ms CreateObjectMapping: 0.109950 ms MarkObjects: 1.692849 ms  DeleteObjects: 0.021074 ms)

Unloading 9 Unused Serialized files (Serialized files now loaded: 0)
UnloadTime: 11.939222 ms

Unloading 1 unused Assets to reduce memory usage. Loaded Objects now: 4786.
Total: 2.999517 ms (FindLiveObjects: 0.693362 ms CreateObjectMapping: 0.146798 ms MarkObjects: 2.131750 ms  DeleteObjects: 0.025881 ms)

Unloading 9 Unused Serialized files (Serialized files now loaded: 0)
UnloadTime: 10.179778 ms

Unloading 1 unused Assets to reduce memory usage. Loaded Objects now: 4786.
Total: 4.692002 ms (FindLiveObjects: 1.120881 ms CreateObjectMapping: 0.247293 ms MarkObjects: 3.279987 ms  DeleteObjects: 0.042244 ms)

Unloading 9 Unused Serialized files (Serialized files now loaded: 0)
UnloadTime: 17.091161 ms

Unloading 1 unused Assets to reduce memory usage. Loaded Objects now: 4786.
Total: 6.188739 ms (FindLiveObjects: 1.635105 ms CreateObjectMapping: 0.404893 ms MarkObjects: 4.092819 ms  DeleteObjects: 0.054019 ms)

Unloading 9 Unused Serialized files (Serialized files now loaded: 0)
UnloadTime: 5.847638 ms

Unloading 1 unused Assets to reduce memory usage. Loaded Objects now: 4786.
Total: 2.445007 ms (FindLiveObjects: 0.547482 ms CreateObjectMapping: 0.155370 ms MarkObjects: 1.719655 ms  DeleteObjects: 0.021446 ms)

Unloading 9 Unused Serialized files (Serialized files now loaded: 0)
UnloadTime: 3.663886 ms

Unloading 1 unused Assets to reduce memory usage. Loaded Objects now: 4786.
Total: 1.832291 ms (FindLiveObjects: 0.590320 ms CreateObjectMapping: 0.086515 ms MarkObjects: 1.140020 ms  DeleteObjects: 0.014205 ms)

Unloading 9 Unused Serialized files (Serialized files now loaded: 0)
UnloadTime: 13.042307 ms

Unloading 1 unused Assets to reduce memory usage. Loaded Objects now: 4786.
Total: 3.239247 ms (FindLiveObjects: 0.828443 ms CreateObjectMapping: 0.165238 ms MarkObjects: 2.211791 ms  DeleteObjects: 0.032275 ms)

Unloading 9 Unused Serialized files (Serialized files now loaded: 0)
UnloadTime: 3.796228 ms

Unloading 1 unused Assets to reduce memory usage. Loaded Objects now: 4786.
Total: 4.562313 ms (FindLiveObjects: 1.269052 ms CreateObjectMapping: 0.233212 ms MarkObjects: 3.019156 ms  DeleteObjects: 0.039362 ms)

Unloading 9 Unused Serialized files (Serialized files now loaded: 0)
UnloadTime: 7.729786 ms

Unloading 1 unused Assets to reduce memory usage. Loaded Objects now: 4786.
Total: 2.124122 ms (FindLiveObjects: 0.552046 ms CreateObjectMapping: 0.093484 ms MarkObjects: 1.463484 ms  DeleteObjects: 0.014298 ms)

Unloading 9 Unused Serialized files (Serialized files now loaded: 0)
UnloadTime: 7.904705 ms

Unloading 1 unused Assets to reduce memory usage. Loaded Objects now: 4786.
Total: 3.330715 ms (FindLiveObjects: 0.708113 ms CreateObjectMapping: 0.163649 ms MarkObjects: 2.426102 ms  DeleteObjects: 0.031674 ms)

Unloading 9 Unused Serialized files (Serialized files now loaded: 0)
UnloadTime: 13.140892 ms

Unloading 1 unused Assets to reduce memory usage. Loaded Objects now: 4786.
Total: 5.302662 ms (FindLiveObjects: 1.365816 ms CreateObjectMapping: 0.264208 ms MarkObjects: 3.627305 ms  DeleteObjects: 0.042521 ms)

Unloading 9 Unused Serialized files (Serialized files now loaded: 0)
UnloadTime: 4.727776 ms

Unloading 1 unused Assets to reduce memory usage. Loaded Objects now: 4786.
Total: 1.716630 ms (FindLiveObjects: 0.410533 ms CreateObjectMapping: 0.091231 ms MarkObjects: 1.198906 ms  DeleteObjects: 0.015081 ms)

Unloading 9 Unused Serialized files (Serialized files now loaded: 0)
UnloadTime: 8.941171 ms

Unloading 1 unused Assets to reduce memory usage. Loaded Objects now: 4786.
Total: 4.094199 ms (FindLiveObjects: 0.901729 ms CreateObjectMapping: 0.198241 ms MarkObjects: 2.953904 ms  DeleteObjects: 0.038779 ms)

Unloading 9 Unused Serialized files (Serialized files now loaded: 0)
UnloadTime: 5.090726 ms

Unloading 1 unused Assets to reduce memory usage. Loaded Objects now: 4786.
Total: 1.676711 ms (FindLiveObjects: 0.388174 ms CreateObjectMapping: 0.079686 ms MarkObjects: 1.196420 ms  DeleteObjects: 0.011899 ms)

Unloading 3 Unused Serialized files (Serialized files now loaded: 0)
UnloadTime: 3.824457 ms

Unloading 473 unused Assets to reduce memory usage. Loaded Objects now: 1702.
Total: 2.188764 ms (FindLiveObjects: 0.272514 ms CreateObjectMapping: 0.064435 ms MarkObjects: 0.731861 ms  DeleteObjects: 1.119314 ms)

Uploading Crash Report
Curl error 42: Callback aborted
Setting up 2 worker threads for Enlighten.
  Thread -> id: 7f4d3a756700 -> priority: 1 
  Thread -> id: 7f4d39f55700 -> priority: 1 
Preloaded type GtkListStore
Preloaded type GtkWindow
Preloaded type GtkVBox
Preloaded type GtkImage
Preloaded type GtkNotebook
Preloaded type GtkHBox
Preloaded type GtkFrame
Preloaded type GtkAlignment
Preloaded type GtkTreeView
Preloaded type GtkLabel
Preloaded type GtkCheckButton
Preloaded type GtkScrolledWindow
Preloaded type GtkComboBox
Couldn't find OnScreenSelectorQuit in main module; checking child
Couldn't find OnScreenSelectorOK in main module; checking child
Couldn't find OnScreenSelectorQuit in main module; checking child
Couldn't find OnInputListRowActivated in main module; checking child
Couldn't find OnSelectedDisplayChanged in main module; checking child
Curl error 42: Callback aborted
